c:\users\andrew\source\repos\seneca college coding\oop345\c++\debug\vc141.pdb
c:\users\andrew\source\repos\seneca college coding\oop345\c++\debug\vc141.idb
c:\users\andrew\source\repos\seneca college coding\oop345\c++\debug\cstring.obj
c:\users\andrew\source\repos\seneca college coding\oop345\c++\debug\process.obj
c:\users\andrew\source\repos\seneca college coding\oop345\c++\debug\w1.obj
c:\users\andrew\source\repos\seneca college coding\oop345\c++\debug\source.obj
c:\users\andrew\source\repos\seneca college coding\oop345\c++\debug\hello.obj
c:\users\andrew\source\repos\seneca college coding\oop345\c++\debug\bw_msposix.obj
c:\users\andrew\source\repos\seneca college coding\oop345\c++\debug\rational-04.obj
c:\users\andrew\source\repos\seneca college coding\oop345\c++\debug\rational-01.obj
c:\users\andrew\source\repos\seneca college coding\oop345\c++\debug\text.obj
c:\users\andrew\source\repos\seneca college coding\oop345\c++\debug\w3.obj
c:\users\andrew\source\repos\seneca college coding\oop345\c++\debug\message.obj
c:\users\andrew\source\repos\seneca college coding\oop345\c++\debug\notifications.obj
c:\users\andrew\source\repos\seneca college coding\oop345\c++\debug\w4.obj
c:\users\andrew\source\repos\seneca college coding\oop345\c++\debug\rational-02.obj
c:\users\andrew\source\repos\seneca college coding\oop345\c++\debug\vector-test-01.obj
c:\users\andrew\source\repos\seneca college coding\oop345\c++\debug\c++.ilk
c:\users\andrew\source\repos\seneca college coding\oop345\c++\debug\c++.pdb
c:\users\andrew\source\repos\seneca college coding\oop345\c++\debug\c++.exe
c:\users\andrew\source\repos\seneca college coding\oop345\c++\debug\c++.tlog\cl.command.1.tlog
c:\users\andrew\source\repos\seneca college coding\oop345\c++\debug\c++.tlog\cl.read.1.tlog
c:\users\andrew\source\repos\seneca college coding\oop345\c++\debug\c++.tlog\cl.write.1.tlog
c:\users\andrew\source\repos\seneca college coding\oop345\c++\debug\c++.tlog\link.command.1.tlog
c:\users\andrew\source\repos\seneca college coding\oop345\c++\debug\c++.tlog\link.read.1.tlog
c:\users\andrew\source\repos\seneca college coding\oop345\c++\debug\c++.tlog\link.write.1.tlog
